=================== SYSTEM ====================
System                Linux
Machine               x86_64
Platform              Linux-3.10.0-957.1.3.el7.x86_64-x86_64-with-redhat-7.3-Nitrogen
Platform version      #1 SMP Mon Nov 26 12:36:06 CST 2018
Processor             x86_64
Available CPUs        24

==================== MODEL ====================
Summary of DQN

               name  class_name       input_shape      output_shape            weight_shapes     n_parameters      n_trainable                               settings
1   conv1            Conv2d      (-1, 4, 84, 84)   (-1, 32, 20, 20)  [(32, 4, 8, 8), (32,)]   tensor(8224)     tensor(8224)     {'stride': (4, 4), 'padding': (0, 0)}
2   conv1_relu       ReLU        (-1, 32, 20, 20)  (-1, 32, 20, 20)  []                       0                0                -                                    
3   conv2            Conv2d      (-1, 32, 20, 20)  (-1, 64, 9, 9)    [(64, 32, 4, 4), (64,)]  tensor(32832)    tensor(32832)    {'stride': (2, 2), 'padding': (0, 0)}
4   conv2_relu       ReLU        (-1, 64, 9, 9)    (-1, 64, 9, 9)    []                       0                0                -                                    
5   conv3            Conv2d      (-1, 64, 9, 9)    (-1, 64, 7, 7)    [(64, 64, 3, 3), (64,)]  tensor(36928)    tensor(36928)    {'stride': (1, 1), 'padding': (0, 0)}
6   conv3_relu       ReLU        (-1, 64, 7, 7)    (-1, 64, 7, 7)    []                       0                0                -                                    
7   lin1             Linear      (-1, 3136)        (-1, 512)         [(512, 3136), (512,)]    tensor(1606144)  tensor(1606144)  -                                    
8   lin1_relu        ReLU        (-1, 512)         (-1, 512)         []                       0                0                -                                    
9   lin2             Linear      (-1, 512)         (-1, 3)           [(3, 512), (3,)]         tensor(1539)     tensor(1539)     -                                    
10  lin2_logsoftmax  LogSoftmax  (-1, 3)           (-1, 3)           []                       0                0                -                                    

Parameters: 1685667
Trainable parameters: 1685667
Layers: 10
Trainable layers: 5

================== OPTIMIZER ==================
<class 'torch.optim.sgd.SGD'>
[{'dampening': 0,
  'initial_lr': 1.0,
  'label': 'model_params',
  'lr': 1.0,
  'momentum': 0.9,
  'nesterov': False,
  'params': [140332950518448,
             140332950518520,
             140332950518592,
             140332950518664,
             140332950518736,
             140332950518808,
             140332950518880,
             140332950518952,
             140332950519024,
             140332950519096],
  'weight_decay': 0.001},
 {'dampening': 0.9,
  'initial_lr': 1.0,
  'label': '_beta',
  'lr': 1.0,
  'momentum': 0.9,
  'nesterov': False,
  'params': [140332950518376],
  'weight_decay': 0}]

================= LR SCHEDULE =================
<class 'torch.optim.lr_scheduler.ExponentialLR'>
{'base_lrs': [1.0, 1.0],
 'gamma': 1.0,
 'last_epoch': -1,
 'optimizer': SGD (
Parameter Group 0
    dampening: 0
    initial_lr: 1.0
    label: model_params
    lr: 1.0
    momentum: 0.9
    nesterov: False
    weight_decay: 0.001

Parameter Group 1
    dampening: 0.9
    initial_lr: 1.0
    label: _beta
    lr: 1.0
    momentum: 0.9
    nesterov: False
    weight_decay: 0
)}

================== ALGORITHM ==================
Algorithm             NES
Environment           Freeway-v0
Perturbations         100
Generations           100
Batch size            1000 
Safe mutation         None
Antithetic sampling   False
Adaptation sampling   False
Importance sampling   0.000000
Common random numbers False
Workers               24
Validation interval   25
Checkpoint interval   600s
Checkpoint directory  /zhome/ef/b/113856/Desktop/Master_Thesis/es-rl-master-thesis/es-rl/experiments/checkpoints/E006-Freeway_all_in/181221-120358.396948|NES|Freeway-v0|DQN
CUDA                  False
Sigma                 0.0500
Optimizing sigma      single
Use MU baseline       True
Use SIGMA baseline    True
Use natural gradient  True


