=================== SYSTEM ====================
System                Linux
Machine               x86_64
Platform              Linux-3.10.0-957.1.3.el7.x86_64-x86_64-with-redhat-7.3-Nitrogen
Platform version      #1 SMP Mon Nov 26 12:36:06 CST 2018
Processor             x86_64
Available CPUs        24

==================== MODEL ====================
Summary of DQN

               name  class_name       input_shape      output_shape            weight_shapes     n_parameters      n_trainable                               settings
1   conv1            Conv2d      (-1, 4, 84, 84)   (-1, 32, 20, 20)  [(32, 4, 8, 8), (32,)]   tensor(8224)     tensor(8224)     {'stride': (4, 4), 'padding': (0, 0)}
2   conv1_relu       ReLU        (-1, 32, 20, 20)  (-1, 32, 20, 20)  []                       0                0                -                                    
3   conv2            Conv2d      (-1, 32, 20, 20)  (-1, 64, 9, 9)    [(64, 32, 4, 4), (64,)]  tensor(32832)    tensor(32832)    {'stride': (2, 2), 'padding': (0, 0)}
4   conv2_relu       ReLU        (-1, 64, 9, 9)    (-1, 64, 9, 9)    []                       0                0                -                                    
5   conv3            Conv2d      (-1, 64, 9, 9)    (-1, 64, 7, 7)    [(64, 64, 3, 3), (64,)]  tensor(36928)    tensor(36928)    {'stride': (1, 1), 'padding': (0, 0)}
6   conv3_relu       ReLU        (-1, 64, 7, 7)    (-1, 64, 7, 7)    []                       0                0                -                                    
7   lin1             Linear      (-1, 3136)        (-1, 512)         [(512, 3136), (512,)]    tensor(1606144)  tensor(1606144)  -                                    
8   lin1_relu        ReLU        (-1, 512)         (-1, 512)         []                       0                0                -                                    
9   lin2             Linear      (-1, 512)         (-1, 18)          [(18, 512), (18,)]       tensor(9234)     tensor(9234)     -                                    
10  lin2_logsoftmax  LogSoftmax  (-1, 18)          (-1, 18)          []                       0                0                -                                    

Parameters: 1693362
Trainable parameters: 1693362
Layers: 10
Trainable layers: 5

================== OPTIMIZER ==================
<class 'torch.optim.sgd.SGD'>
[{'dampening': 0,
  'initial_lr': 1.0,
  'label': 'model_params',
  'lr': 1.0,
  'momentum': 0.9,
  'nesterov': False,
  'params': [140410381003368,
             140410381003440,
             140410381003512,
             140410381003584,
             140410381003656,
             140410381003728,
             140410381003800,
             140410381003872,
             140410381003944,
             140410381004016],
  'weight_decay': 0.001},
 {'dampening': 0.9,
  'initial_lr': 1.0,
  'label': '_beta',
  'lr': 1.0,
  'momentum': 0.9,
  'nesterov': False,
  'params': [140410383825944],
  'weight_decay': 0}]

================= LR SCHEDULE =================
<class 'torch.optim.lr_scheduler.ExponentialLR'>
{'base_lrs': [1.0, 1.0],
 'gamma': 1.0,
 'last_epoch': -1,
 'optimizer': SGD (
Parameter Group 0
    dampening: 0
    initial_lr: 1.0
    label: model_params
    lr: 1.0
    momentum: 0.9
    nesterov: False
    weight_decay: 0.001

Parameter Group 1
    dampening: 0.9
    initial_lr: 1.0
    label: _beta
    lr: 1.0
    momentum: 0.9
    nesterov: False
    weight_decay: 0
)}

================== ALGORITHM ==================
Algorithm             sNES
Environment           Seaquest-v0
Perturbations         100
Generations           300
Batch size            1000 
Safe mutation         None
Antithetic sampling   False
Adaptation sampling   False
Importance sampling   0.000000
Common random numbers False
Workers               24
Validation interval   25
Checkpoint interval   600s
Checkpoint directory  /zhome/ef/b/113856/Desktop/Master_Thesis/es-rl-master-thesis/es-rl/experiments/checkpoints/E013-Seaquest_300gens_naturgrad/181229-132505.287641|sNES|Seaquest-v0|DQN
CUDA                  False
Optimizing sigma      per-weight
Sigma mean            0.0500
Use MU baseline       False
Use SIGMA baseline    False
Use natural gradient  True


